<?xml version="1.0" encoding="UTF-8"?>
<!-- Generated by org.testng.reporters.JUnitReportReporter -->
<testsuite hostname="DESKTOP-J7CASBI" failures="0" tests="1" name="bddAutomation.cucumberLearning.AppTest" time="0.007" errors="0" timestamp="2022-06-30T14:44:37 EDT" skipped="0">
  <testcase classname="bddAutomation.cucumberLearning.AppTest" name="shouldAnswerWithTrue" time="0.007"/>
  <system-out/>
</testsuite> <!-- bddAutomation.cucumberLearning.AppTest -->
