<?xml version="1.0" encoding="UTF-8"?>
<!-- Generated by org.testng.reporters.JUnitReportReporter -->
<testsuite hostname="DESKTOP-J7CASBI" failures="0" tests="2" name="cucumberRunnerOtpions.TestNGTestRunner" time="0.190" errors="0" timestamp="2022-06-30T17:45:35 EDT" skipped="0">
  <testcase classname="cucumberRunnerOtpions.TestNGTestRunner" name="runScenario" time="0.011"/>
  <system-out/>
  <testcase classname="cucumberRunnerOtpions.TestNGTestRunner" name="runScenario" time="0.179"/>
  <system-out/>
</testsuite> <!-- cucumberRunnerOtpions.TestNGTestRunner -->
